
> lotego@0.1.0 dev
> next dev --port 3848

   ▲ Next.js 15.3.4
   - Local:        http://localhost:3848
   - Network:      http://10.255.255.254:3848
   - Environments: .env.local

 ✓ Starting...
 ✓ Ready in 1486ms
 ○ Compiling /middleware ...
 ✓ Compiled /middleware in 764ms (180 modules)
 ○ Compiling / ...
<w> [webpack.cache.PackFileCacheStrategy] Serializing big strings (100kiB) impacts deserialization performance (consider using Buffer instead and decode when needed)
 ✓ Compiled / in 5.6s (924 modules)
 GET / 200 in 5913ms
 ○ Compiling /home-mobile ...
 ✓ Compiled /home-mobile in 991ms (895 modules)
 GET /home-mobile 200 in 1239ms
 ✓ Compiled /search-mobile in 298ms (904 modules)
 GET /search-mobile 200 in 496ms
 ✓ Compiled /property-mobile/[id] in 273ms (927 modules)
Error: Route "/property-mobile/[id]" used `params.id`. `params` should be awaited before using its properties. Learn more: https://nextjs.org/docs/messages/sync-dynamic-apis
    at PropertyMobilePage (src/app/property-mobile/[id]/page.tsx:38:15)
  36 |   // Mock data - in real app, fetch based on params.id
  37 |   const property = {
> 38 |     id: params.id,
     |               ^
  39 |     title: 'Terreno Vista Panorâmica Premium',
  40 |     location: 'Jardim Europa, São Paulo',
  41 |     price: 'R$ 750.000',
 GET /property-mobile/1 200 in 1028ms
 ○ Compiling /map-mobile ...
 ✓ Compiled /map-mobile in 566ms (944 modules)
 GET /map-mobile 200 in 816ms
 GET /home-mobile 200 in 157ms
 ○ Compiling /favicon.ico ...
 ⚠ Blocked cross-origin request from 172.24.232.248 to /_next/* resource. To allow this, configure "allowedDevOrigins" in next.config
Read more: https://nextjs.org/docs/app/api-reference/config/next-config-js/allowedDevOrigins
 ✓ Compiled /favicon.ico in 1041ms (482 modules)
 GET /favicon.ico 200 in 1208ms
 GET /favicon.ico 200 in 17ms
 GET /favicon.ico 200 in 13ms
 ✓ Compiled /search-mobile in 93ms (495 modules)
 GET /search-mobile 200 in 169ms
 ✓ Compiled /map-mobile in 99ms (505 modules)
 GET /map-mobile 200 in 157ms
 ✓ Compiled in 619ms (423 modules)
 ✓ Compiled in 363ms (423 modules)
 ✓ Compiled in 630ms (423 modules)
 ✓ Compiled in 300ms (424 modules)
 ⚠ Found a change in next.config.js. Restarting the server to apply the changes...
   ▲ Next.js 15.3.4
   - Local:        http://localhost:3848
   - Network:      http://10.255.255.254:3848
   - Environments: .env.local

 ✓ Starting...
 ✓ Ready in 2.8s
 ✓ Compiled /middleware in 343ms (180 modules)
 ○ Compiling / ...
 ✓ Compiled / in 4.2s (880 modules)
 GET / 200 in 4650ms
 GET / 200 in 195ms
 ✓ Compiled /favicon.ico in 321ms (506 modules)
 GET /favicon.ico 200 in 457ms
 GET /favicon.ico 200 in 16ms
 ○ Compiling /buscar ...
 ✓ Compiled /buscar in 2.1s (970 modules)
 GET /buscar 200 in 2292ms
 GET /buscar 200 in 27ms
 ✓ Compiled /api/properties in 184ms (961 modules)
 GET /api/properties?page=1&limit=10 200 in 235ms
 GET /api/properties?page=1&limit=10 200 in 11ms
 GET /buscar?page=1 200 in 52ms
 GET /buscar?page=1 200 in 21ms
 GET /api/properties?page=1&limit=10 200 in 15ms
 GET /buscar?page=1 200 in 19ms
 ○ Compiling /_not-found ...
 ✓ Compiled /_not-found in 840ms (965 modules)
 GET /.well-known/appspecific/com.chrome.devtools.json 404 in 1114ms
 ✓ Compiled in 1021ms (955 modules)
 ✓ Compiled /api/properties in 205ms (547 modules)
 GET /api/properties?page=1&limit=10 200 in 329ms
 GET /buscar?page=1 200 in 100ms
 GET /buscar?page=1 200 in 27ms
 ✓ Compiled in 868ms (973 modules)
 GET /buscar?page=1 200 in 136ms
 ✓ Compiled /_not-found in 295ms (963 modules)
 ⨯ Error: Cannot find module './447.js'
Require stack:
- /home/he_orce/projetos/lotego/.next/server/webpack-runtime.js
- /home/he_orce/projetos/lotego/.next/server/app/_not-found/page.js
- /home/he_orce/projetos/lotego/node_modules/next/dist/server/require.js
- /home/he_orce/projetos/lotego/node_modules/next/dist/server/load-components.js
- /home/he_orce/projetos/lotego/node_modules/next/dist/build/utils.js
- /home/he_orce/projetos/lotego/node_modules/next/dist/build/swc/options.js
- /home/he_orce/projetos/lotego/node_modules/next/dist/build/swc/index.js
- /home/he_orce/projetos/lotego/node_modules/next/dist/build/analysis/parse-module.js
- /home/he_orce/projetos/lotego/node_modules/next/dist/build/analysis/get-page-static-info.js
- /home/he_orce/projetos/lotego/node_modules/next/dist/server/lib/router-utils/setup-dev-bundler.js
- /home/he_orce/projetos/lotego/node_modules/next/dist/server/lib/router-server.js
- /home/he_orce/projetos/lotego/node_modules/next/dist/server/lib/start-server.js
    at __webpack_require__.f.require (.next/server/webpack-runtime.js:203:28)
    at <unknown> (.next/server/webpack-runtime.js:116:40)
    at Array.reduce (<anonymous>)
    at __webpack_require__.e (.next/server/webpack-runtime.js:115:67)
    at Array.map (<anonymous>)
    at __webpack_require__.X (.next/server/webpack-runtime.js:167:22)
    at <unknown> (.next/server/app/_not-found/page.js:1:1789)
    at Object.<anonymous> (.next/server/app/_not-found/page.js:1:1839) {
  code: 'MODULE_NOT_FOUND',
  requireStack: [Array]
}
 ○ Compiling /_error ...
 ✓ Compiled /_error in 4.7s (1279 modules)
 GET /_next/static/css/app/layout.css?v=1751172673572 500 in 12326ms
 GET /buscar?page=1 200 in 3323ms
 GET /buscar?page=1 200 in 64ms
 ⨯ TypeError: Cannot read properties of undefined (reading 'call')
    at Object.t [as require] (.next/server/webpack-runtime.js:1:128)
    at JSON.parse (<anonymous>) {
  digest: '2469483617'
}
TypeError: Cannot read properties of undefined (reading 'call')
    at Object.t [as require] (.next/server/webpack-runtime.js:1:128)
    at JSON.parse (<anonymous>)
 ⨯ TypeError: Cannot read properties of undefined (reading 'call')
    at Object.t [as require] (.next/server/webpack-runtime.js:1:128)
    at JSON.parse (<anonymous>) {
  page: '/buscar'
}
 GET /buscar?page=1 500 in 1746ms
 ⨯ TypeError: Cannot read properties of undefined (reading 'call')
    at Object.t [as require] (.next/server/webpack-runtime.js:1:128)
    at JSON.parse (<anonymous>) {
  digest: '2469483617'
}
TypeError: Cannot read properties of undefined (reading 'call')
    at Object.t [as require] (.next/server/webpack-runtime.js:1:128)
    at JSON.parse (<anonymous>)
 ⨯ TypeError: Cannot read properties of undefined (reading 'call')
    at Object.t [as require] (.next/server/webpack-runtime.js:1:128)
    at JSON.parse (<anonymous>)
 GET /.well-known/appspecific/com.chrome.devtools.json 500 in 1268ms
 ✓ Compiled in 895ms (676 modules)
 ✓ Compiled in 607ms (672 modules)
 ✓ Compiled in 419ms (672 modules)
 ✓ Compiled in 351ms (672 modules)
 ✓ Compiled in 390ms (672 modules)
 ✓ Compiled in 351ms (672 modules)
 ✓ Compiled in 391ms (672 modules)
 ✓ Compiled in 454ms (672 modules)
